
> audio-vision-frontend@0.1.0 start
> react-scripts start

(node:32783) [DEP_WEBPACK_DEV_SERVER_ON_AFTER_SETUP_MIDDLEWARE] DeprecationWarning: 'onAfterSetupMiddleware' option is deprecated. Please use the 'setupMiddlewares' option.
(Use `node --trace-deprecation ...` to show where the warning was created)
(node:32783) [DEP_WEBPACK_DEV_SERVER_ON_BEFORE_SETUP_MIDDLEWARE] DeprecationWarning: 'onBeforeSetupMiddleware' option is deprecated. Please use the 'setupMiddlewares' option.
Starting the development server...

Compiled successfully!

You can now view audio-vision-frontend in the browser.

  Local:            http://localhost:3000
  On Your Network:  http://10.17.203.244:3000

Note that the development build is not optimized.
To create a production build, use npm run build.

webpack compiled successfully
Compiling...
Compiled with warnings.

[eslint] 
src/components/VideoCapture.js
  Line 14:10:  'captureMode' is assigned a value but never used                                                                  no-unused-vars
  Line 14:23:  'setCaptureMode' is assigned a value but never used                                                               no-unused-vars
  Line 337:6:  React Hook useEffect has a missing dependency: 'isCameraReady'. Either include it or remove the dependency array  react-hooks/exhaustive-deps

Search for the keywords to learn more about each warning.
To ignore, add // eslint-disable-next-line to the line before.

WARNING in [eslint] 
src/components/VideoCapture.js
  Line 14:10:  'captureMode' is assigned a value but never used                                                                  no-unused-vars
  Line 14:23:  'setCaptureMode' is assigned a value but never used                                                               no-unused-vars
  Line 337:6:  React Hook useEffect has a missing dependency: 'isCameraReady'. Either include it or remove the dependency array  react-hooks/exhaustive-deps

webpack compiled with 1 warning
Compiling...
Compiled with warnings.

[eslint] 
src/components/VideoCapture.js
  Line 14:10:  'captureMode' is assigned a value but never used                                                                  no-unused-vars
  Line 14:23:  'setCaptureMode' is assigned a value but never used                                                               no-unused-vars
  Line 337:6:  React Hook useEffect has a missing dependency: 'isCameraReady'. Either include it or remove the dependency array  react-hooks/exhaustive-deps

Search for the keywords to learn more about each warning.
To ignore, add // eslint-disable-next-line to the line before.

WARNING in [eslint] 
src/components/VideoCapture.js
  Line 14:10:  'captureMode' is assigned a value but never used                                                                  no-unused-vars
  Line 14:23:  'setCaptureMode' is assigned a value but never used                                                               no-unused-vars
  Line 337:6:  React Hook useEffect has a missing dependency: 'isCameraReady'. Either include it or remove the dependency array  react-hooks/exhaustive-deps

webpack compiled with 1 warning
Compiling...
Compiled with warnings.

[eslint] 
src/components/VideoCapture.js
  Line 14:10:  'captureMode' is assigned a value but never used                                                                  no-unused-vars
  Line 14:23:  'setCaptureMode' is assigned a value but never used                                                               no-unused-vars
  Line 337:6:  React Hook useEffect has a missing dependency: 'isCameraReady'. Either include it or remove the dependency array  react-hooks/exhaustive-deps

Search for the keywords to learn more about each warning.
To ignore, add // eslint-disable-next-line to the line before.

WARNING in [eslint] 
src/components/VideoCapture.js
  Line 14:10:  'captureMode' is assigned a value but never used                                                                  no-unused-vars
  Line 14:23:  'setCaptureMode' is assigned a value but never used                                                               no-unused-vars
  Line 337:6:  React Hook useEffect has a missing dependency: 'isCameraReady'. Either include it or remove the dependency array  react-hooks/exhaustive-deps

webpack compiled with 1 warning
Compiling...
Compiled with warnings.

[eslint] 
src/components/VideoCapture.js
  Line 14:10:  'captureMode' is assigned a value but never used                                                                  no-unused-vars
  Line 14:23:  'setCaptureMode' is assigned a value but never used                                                               no-unused-vars
  Line 337:6:  React Hook useEffect has a missing dependency: 'isCameraReady'. Either include it or remove the dependency array  react-hooks/exhaustive-deps

Search for the keywords to learn more about each warning.
To ignore, add // eslint-disable-next-line to the line before.

WARNING in [eslint] 
src/components/VideoCapture.js
  Line 14:10:  'captureMode' is assigned a value but never used                                                                  no-unused-vars
  Line 14:23:  'setCaptureMode' is assigned a value but never used                                                               no-unused-vars
  Line 337:6:  React Hook useEffect has a missing dependency: 'isCameraReady'. Either include it or remove the dependency array  react-hooks/exhaustive-deps

webpack compiled with 1 warning
Compiling...
Compiled with warnings.

[eslint] 
src/components/VideoCapture.js
  Line 14:10:  'captureMode' is assigned a value but never used                                                                  no-unused-vars
  Line 14:23:  'setCaptureMode' is assigned a value but never used                                                               no-unused-vars
  Line 337:6:  React Hook useEffect has a missing dependency: 'isCameraReady'. Either include it or remove the dependency array  react-hooks/exhaustive-deps

Search for the keywords to learn more about each warning.
To ignore, add // eslint-disable-next-line to the line before.

WARNING in [eslint] 
src/components/VideoCapture.js
  Line 14:10:  'captureMode' is assigned a value but never used                                                                  no-unused-vars
  Line 14:23:  'setCaptureMode' is assigned a value but never used                                                               no-unused-vars
  Line 337:6:  React Hook useEffect has a missing dependency: 'isCameraReady'. Either include it or remove the dependency array  react-hooks/exhaustive-deps

webpack compiled with 1 warning
Compiling...
Compiled with warnings.

[eslint] 
src/components/VideoCapture.js
  Line 14:10:   'captureMode' is assigned a value but never used                                                                  no-unused-vars
  Line 14:23:   'setCaptureMode' is assigned a value but never used                                                               no-unused-vars
  Line 19:10:   'patientData' is assigned a value but never used                                                                  no-unused-vars
  Line 337:6:   React Hook useEffect has a missing dependency: 'isCameraReady'. Either include it or remove the dependency array  react-hooks/exhaustive-deps
  Line 445:11:  'patientId' is assigned a value but never used                                                                    no-unused-vars

Search for the keywords to learn more about each warning.
To ignore, add // eslint-disable-next-line to the line before.

WARNING in [eslint] 
src/components/VideoCapture.js
  Line 14:10:   'captureMode' is assigned a value but never used                                                                  no-unused-vars
  Line 14:23:   'setCaptureMode' is assigned a value but never used                                                               no-unused-vars
  Line 19:10:   'patientData' is assigned a value but never used                                                                  no-unused-vars
  Line 337:6:   React Hook useEffect has a missing dependency: 'isCameraReady'. Either include it or remove the dependency array  react-hooks/exhaustive-deps
  Line 445:11:  'patientId' is assigned a value but never used                                                                    no-unused-vars

webpack compiled with 1 warning
Compiling...
Compiled with warnings.

[eslint] 
src/components/VideoCapture.js
  Line 14:10:   'captureMode' is assigned a value but never used                                                                  no-unused-vars
  Line 14:23:   'setCaptureMode' is assigned a value but never used                                                               no-unused-vars
  Line 19:10:   'patientData' is assigned a value but never used                                                                  no-unused-vars
  Line 337:6:   React Hook useEffect has a missing dependency: 'isCameraReady'. Either include it or remove the dependency array  react-hooks/exhaustive-deps
  Line 445:11:  'patientId' is assigned a value but never used                                                                    no-unused-vars

Search for the keywords to learn more about each warning.
To ignore, add // eslint-disable-next-line to the line before.

WARNING in [eslint] 
src/components/VideoCapture.js
  Line 14:10:   'captureMode' is assigned a value but never used                                                                  no-unused-vars
  Line 14:23:   'setCaptureMode' is assigned a value but never used                                                               no-unused-vars
  Line 19:10:   'patientData' is assigned a value but never used                                                                  no-unused-vars
  Line 337:6:   React Hook useEffect has a missing dependency: 'isCameraReady'. Either include it or remove the dependency array  react-hooks/exhaustive-deps
  Line 445:11:  'patientId' is assigned a value but never used                                                                    no-unused-vars

webpack compiled with 1 warning
Compiling...
Compiled with warnings.

[eslint] 
src/components/VideoCapture.js
  Line 14:10:   'captureMode' is assigned a value but never used                                                                  no-unused-vars
  Line 14:23:   'setCaptureMode' is assigned a value but never used                                                               no-unused-vars
  Line 19:10:   'patientData' is assigned a value but never used                                                                  no-unused-vars
  Line 337:6:   React Hook useEffect has a missing dependency: 'isCameraReady'. Either include it or remove the dependency array  react-hooks/exhaustive-deps
  Line 445:11:  'patientId' is assigned a value but never used                                                                    no-unused-vars

Search for the keywords to learn more about each warning.
To ignore, add // eslint-disable-next-line to the line before.

WARNING in [eslint] 
src/components/VideoCapture.js
  Line 14:10:   'captureMode' is assigned a value but never used                                                                  no-unused-vars
  Line 14:23:   'setCaptureMode' is assigned a value but never used                                                               no-unused-vars
  Line 19:10:   'patientData' is assigned a value but never used                                                                  no-unused-vars
  Line 337:6:   React Hook useEffect has a missing dependency: 'isCameraReady'. Either include it or remove the dependency array  react-hooks/exhaustive-deps
  Line 445:11:  'patientId' is assigned a value but never used                                                                    no-unused-vars

webpack compiled with 1 warning
Compiling...
Compiled with warnings.

[eslint] 
src/components/VideoCapture.js
  Line 14:10:  'captureMode' is assigned a value but never used                                                                  no-unused-vars
  Line 14:23:  'setCaptureMode' is assigned a value but never used                                                               no-unused-vars
  Line 337:6:  React Hook useEffect has a missing dependency: 'isCameraReady'. Either include it or remove the dependency array  react-hooks/exhaustive-deps

Search for the keywords to learn more about each warning.
To ignore, add // eslint-disable-next-line to the line before.

WARNING in [eslint] 
src/components/VideoCapture.js
  Line 14:10:  'captureMode' is assigned a value but never used                                                                  no-unused-vars
  Line 14:23:  'setCaptureMode' is assigned a value but never used                                                               no-unused-vars
  Line 337:6:  React Hook useEffect has a missing dependency: 'isCameraReady'. Either include it or remove the dependency array  react-hooks/exhaustive-deps

webpack compiled with 1 warning
Compiling...
Compiled with warnings.

[eslint] 
src/components/VideoCapture.js
  Line 14:10:  'captureMode' is assigned a value but never used                                                                  no-unused-vars
  Line 14:23:  'setCaptureMode' is assigned a value but never used                                                               no-unused-vars
  Line 337:6:  React Hook useEffect has a missing dependency: 'isCameraReady'. Either include it or remove the dependency array  react-hooks/exhaustive-deps

Search for the keywords to learn more about each warning.
To ignore, add // eslint-disable-next-line to the line before.

WARNING in [eslint] 
src/components/VideoCapture.js
  Line 14:10:  'captureMode' is assigned a value but never used                                                                  no-unused-vars
  Line 14:23:  'setCaptureMode' is assigned a value but never used                                                               no-unused-vars
  Line 337:6:  React Hook useEffect has a missing dependency: 'isCameraReady'. Either include it or remove the dependency array  react-hooks/exhaustive-deps

webpack compiled with 1 warning
The build failed because the process exited too early. This probably means the system ran out of memory or someone called `kill -9` on the process.
